<?xml version="1.0" encoding="UTF-8"?>
<testng-results ignored="0" total="12" passed="11" failed="1" skipped="0">
  <reporter-output>
  </reporter-output>
  <suite started-at="2023-06-11T20:25:07 CEST" name="TutorialsNinja Automation Suite" finished-at="2023-06-11T20:26:28 CEST" duration-ms="81642">
    <groups>
    </groups>
    <test started-at="2023-06-11T20:25:07 CEST" name="TutorialsNinja Test" finished-at="2023-06-11T20:26:28 CEST" duration-ms="81642">
      <class name="com.tutorialsninja.qa.testcases.RegisterTest">
        <test-method is-config="true" signature="setup()[pri:0, instance:com.tutorialsninja.qa.testcases.RegisterTest@33065d67]" started-at="2023-06-11T20:25:07 CEST" name="setup" finished-at="2023-06-11T20:25:16 CEST" duration-ms="9148" status="PASS">
          <reporter-output>
          </reporter-output>
        </test-method> <!-- setup -->
        <test-method signature="verifyRegisteringAccountWithMandatoryFields()[pri:1, instance:com.tutorialsninja.qa.testcases.RegisterTest@33065d67]" started-at="2023-06-11T20:25:16 CEST" name="verifyRegisteringAccountWithMandatoryFields" finished-at="2023-06-11T20:25:18 CEST" duration-ms="1670" status="PASS">
          <reporter-output>
          </reporter-output>
        </test-method> <!-- verifyRegisteringAccountWithMandatoryFields -->
        <test-method is-config="true" signature="tearDown()[pri:0, instance:com.tutorialsninja.qa.testcases.RegisterTest@33065d67]" started-at="2023-06-11T20:25:18 CEST" name="tearDown" finished-at="2023-06-11T20:25:18 CEST" duration-ms="511" status="PASS">
          <reporter-output>
          </reporter-output>
        </test-method> <!-- tearDown -->
        <test-method is-config="true" signature="setup()[pri:0, instance:com.tutorialsninja.qa.testcases.RegisterTest@33065d67]" started-at="2023-06-11T20:25:18 CEST" name="setup" finished-at="2023-06-11T20:25:26 CEST" duration-ms="7249" status="PASS">
          <reporter-output>
          </reporter-output>
        </test-method> <!-- setup -->
        <test-method signature="verifyRegisteringAccountByProvidingAllFields()[pri:2, instance:com.tutorialsninja.qa.testcases.RegisterTest@33065d67]" started-at="2023-06-11T20:25:26 CEST" name="verifyRegisteringAccountByProvidingAllFields" finished-at="2023-06-11T20:25:27 CEST" duration-ms="1108" status="PASS">
          <reporter-output>
          </reporter-output>
        </test-method> <!-- verifyRegisteringAccountByProvidingAllFields -->
        <test-method is-config="true" signature="tearDown()[pri:0, instance:com.tutorialsninja.qa.testcases.RegisterTest@33065d67]" started-at="2023-06-11T20:25:27 CEST" name="tearDown" finished-at="2023-06-11T20:25:27 CEST" duration-ms="182" status="PASS">
          <reporter-output>
          </reporter-output>
        </test-method> <!-- tearDown -->
        <test-method is-config="true" signature="setup()[pri:0, instance:com.tutorialsninja.qa.testcases.RegisterTest@33065d67]" started-at="2023-06-11T20:25:27 CEST" name="setup" finished-at="2023-06-11T20:25:32 CEST" duration-ms="5562" status="PASS">
          <reporter-output>
          </reporter-output>
        </test-method> <!-- setup -->
        <test-method signature="verifyRegisteringAccountWtihExistingEmailAddress()[pri:3, instance:com.tutorialsninja.qa.testcases.RegisterTest@33065d67]" started-at="2023-06-11T20:25:32 CEST" name="verifyRegisteringAccountWtihExistingEmailAddress" finished-at="2023-06-11T20:25:33 CEST" duration-ms="886" status="PASS">
          <reporter-output>
          </reporter-output>
        </test-method> <!-- verifyRegisteringAccountWtihExistingEmailAddress -->
        <test-method is-config="true" signature="tearDown()[pri:0, instance:com.tutorialsninja.qa.testcases.RegisterTest@33065d67]" started-at="2023-06-11T20:25:33 CEST" name="tearDown" finished-at="2023-06-11T20:25:34 CEST" duration-ms="183" status="PASS">
          <reporter-output>
          </reporter-output>
        </test-method> <!-- tearDown -->
        <test-method is-config="true" signature="setup()[pri:0, instance:com.tutorialsninja.qa.testcases.RegisterTest@33065d67]" started-at="2023-06-11T20:25:34 CEST" name="setup" finished-at="2023-06-11T20:25:39 CEST" duration-ms="5718" status="PASS">
          <reporter-output>
          </reporter-output>
        </test-method> <!-- setup -->
        <test-method signature="verifyRegisteringAccountWtihoutFillingDetails()[pri:4, instance:com.tutorialsninja.qa.testcases.RegisterTest@33065d67]" started-at="2023-06-11T20:25:39 CEST" name="verifyRegisteringAccountWtihoutFillingDetails" finished-at="2023-06-11T20:25:40 CEST" duration-ms="563" status="PASS">
          <reporter-output>
          </reporter-output>
        </test-method> <!-- verifyRegisteringAccountWtihoutFillingDetails -->
        <test-method is-config="true" signature="tearDown()[pri:0, instance:com.tutorialsninja.qa.testcases.RegisterTest@33065d67]" started-at="2023-06-11T20:25:40 CEST" name="tearDown" finished-at="2023-06-11T20:25:40 CEST" duration-ms="191" status="PASS">
          <reporter-output>
          </reporter-output>
        </test-method> <!-- tearDown -->
      </class> <!-- com.tutorialsninja.qa.testcases.RegisterTest -->
      <class name="com.tutorialsninja.qa.testcases.SearchTest">
        <test-method is-config="true" signature="setup()[pri:0, instance:com.tutorialsninja.qa.testcases.SearchTest@609e8838]" started-at="2023-06-11T20:26:12 CEST" name="setup" finished-at="2023-06-11T20:26:17 CEST" duration-ms="4553" status="PASS">
          <reporter-output>
          </reporter-output>
        </test-method> <!-- setup -->
        <test-method signature="verifySearchWithValidProduct()[pri:1, instance:com.tutorialsninja.qa.testcases.SearchTest@609e8838]" started-at="2023-06-11T20:26:17 CEST" name="verifySearchWithValidProduct" finished-at="2023-06-11T20:26:18 CEST" duration-ms="597" status="PASS">
          <reporter-output>
          </reporter-output>
        </test-method> <!-- verifySearchWithValidProduct -->
        <test-method is-config="true" signature="tearDown()[pri:0, instance:com.tutorialsninja.qa.testcases.SearchTest@609e8838]" started-at="2023-06-11T20:26:18 CEST" name="tearDown" finished-at="2023-06-11T20:26:18 CEST" duration-ms="184" status="PASS">
          <reporter-output>
          </reporter-output>
        </test-method> <!-- tearDown -->
        <test-method is-config="true" signature="setup()[pri:0, instance:com.tutorialsninja.qa.testcases.SearchTest@609e8838]" started-at="2023-06-11T20:26:18 CEST" name="setup" finished-at="2023-06-11T20:26:22 CEST" duration-ms="4624" status="PASS">
          <reporter-output>
          </reporter-output>
        </test-method> <!-- setup -->
        <test-method signature="verifySearchWithInvalidProduct()[pri:2, instance:com.tutorialsninja.qa.testcases.SearchTest@609e8838]" started-at="2023-06-11T20:26:22 CEST" name="verifySearchWithInvalidProduct" finished-at="2023-06-11T20:26:23 CEST" duration-ms="498" status="FAIL">
          <exception class="java.lang.AssertionError">
            <message>
              <![CDATA[The Product is Valid expected [true] but found [false]]]>
            </message>
            <full-stacktrace>
              <![CDATA[java.lang.AssertionError: The Product is Valid expected [true] but found [false]
at org.testng.Assert.fail(Assert.java:110)
at org.testng.Assert.failNotEquals(Assert.java:1577)
at org.testng.Assert.assertTrue(Assert.java:56)
at com.tutorialsninja.qa.testcases.SearchTest.verifySearchWithInvalidProduct(SearchTest.java:39)
at java.base/jdk.internal.reflect.NativeMethodAccessorImpl.invoke0(Native Method)
at java.base/jdk.internal.reflect.NativeMethodAccessorImpl.invoke(NativeMethodAccessorImpl.java:62)
at java.base/jdk.internal.reflect.DelegatingMethodAccessorImpl.invoke(DelegatingMethodAccessorImpl.java:43)
at java.base/java.lang.reflect.Method.invoke(Method.java:566)
at org.testng.internal.invokers.MethodInvocationHelper.invokeMethod(MethodInvocationHelper.java:139)
at org.testng.internal.invokers.TestInvoker.invokeMethod(TestInvoker.java:677)
at org.testng.internal.invokers.TestInvoker.invokeTestMethod(TestInvoker.java:221)
at org.testng.internal.invokers.MethodRunner.runInSequence(MethodRunner.java:50)
at org.testng.internal.invokers.TestInvoker$MethodInvocationAgent.invoke(TestInvoker.java:969)
at org.testng.internal.invokers.TestInvoker.invokeTestMethods(TestInvoker.java:194)
at org.testng.internal.invokers.TestMethodWorker.invokeTestMethods(TestMethodWorker.java:148)
at org.testng.internal.invokers.TestMethodWorker.run(TestMethodWorker.java:128)
at java.base/java.util.ArrayList.forEach(ArrayList.java:1541)
at org.testng.TestRunner.privateRun(TestRunner.java:829)
at org.testng.TestRunner.run(TestRunner.java:602)
at org.testng.SuiteRunner.runTest(SuiteRunner.java:437)
at org.testng.SuiteRunner.runSequentially(SuiteRunner.java:431)
at org.testng.SuiteRunner.privateRun(SuiteRunner.java:391)
at org.testng.SuiteRunner.run(SuiteRunner.java:330)
at org.testng.SuiteRunnerWorker.runSuite(SuiteRunnerWorker.java:52)
at org.testng.SuiteRunnerWorker.run(SuiteRunnerWorker.java:95)
at org.testng.TestNG.runSuitesSequentially(TestNG.java:1256)
at org.testng.TestNG.runSuitesLocally(TestNG.java:1176)
at org.testng.TestNG.runSuites(TestNG.java:1099)
at org.testng.TestNG.run(TestNG.java:1067)
at org.testng.remote.AbstractRemoteTestNG.run(AbstractRemoteTestNG.java:115)
at org.testng.remote.RemoteTestNG.initAndRun(RemoteTestNG.java:251)
at org.testng.remote.RemoteTestNG.main(RemoteTestNG.java:77)
]]>
            </full-stacktrace>
          </exception> <!-- java.lang.AssertionError -->
          <reporter-output>
          </reporter-output>
        </test-method> <!-- verifySearchWithInvalidProduct -->
        <test-method is-config="true" signature="tearDown()[pri:0, instance:com.tutorialsninja.qa.testcases.SearchTest@609e8838]" started-at="2023-06-11T20:26:23 CEST" name="tearDown" finished-at="2023-06-11T20:26:23 CEST" duration-ms="230" status="PASS">
          <reporter-output>
          </reporter-output>
        </test-method> <!-- tearDown -->
        <test-method is-config="true" signature="setup()[pri:0, instance:com.tutorialsninja.qa.testcases.SearchTest@609e8838]" started-at="2023-06-11T20:26:23 CEST" name="setup" finished-at="2023-06-11T20:26:28 CEST" duration-ms="4336" status="PASS">
          <reporter-output>
          </reporter-output>
        </test-method> <!-- setup -->
        <test-method signature="verifySearchWithoutAnyProduct()[pri:3, instance:com.tutorialsninja.qa.testcases.SearchTest@609e8838]" started-at="2023-06-11T20:26:28 CEST" name="verifySearchWithoutAnyProduct" finished-at="2023-06-11T20:26:28 CEST" duration-ms="390" status="PASS">
          <reporter-output>
          </reporter-output>
        </test-method> <!-- verifySearchWithoutAnyProduct -->
        <test-method is-config="true" signature="tearDown()[pri:0, instance:com.tutorialsninja.qa.testcases.SearchTest@609e8838]" started-at="2023-06-11T20:26:28 CEST" name="tearDown" finished-at="2023-06-11T20:26:28 CEST" duration-ms="199" status="PASS">
          <reporter-output>
          </reporter-output>
        </test-method> <!-- tearDown -->
      </class> <!-- com.tutorialsninja.qa.testcases.SearchTest -->
      <class name="com.tutorialsninja.qa.testcases.LoginTest">
        <test-method is-config="true" signature="setup()[pri:0, instance:com.tutorialsninja.qa.testcases.LoginTest@2b30a42c]" started-at="2023-06-11T20:25:41 CEST" name="setup" finished-at="2023-06-11T20:25:46 CEST" duration-ms="5227" status="PASS">
          <reporter-output>
          </reporter-output>
        </test-method> <!-- setup -->
        <test-method signature="verifyLoginWithValidCredential(java.lang.String,java.lang.String)[pri:1, instance:com.tutorialsninja.qa.testcases.LoginTest@2b30a42c]" started-at="2023-06-11T20:25:46 CEST" name="verifyLoginWithValidCredential" data-provider="validData" finished-at="2023-06-11T20:25:47 CEST" duration-ms="1340" status="PASS">
          <params>
            <param index="0">
              <value>
                <![CDATA[gautam.kumar062@gmail.com]]>
              </value>
            </param>
            <param index="1">
              <value>
                <![CDATA[Gautam@062]]>
              </value>
            </param>
          </params>
          <reporter-output>
          </reporter-output>
        </test-method> <!-- verifyLoginWithValidCredential -->
        <test-method is-config="true" signature="tearDown()[pri:0, instance:com.tutorialsninja.qa.testcases.LoginTest@2b30a42c]" started-at="2023-06-11T20:25:47 CEST" name="tearDown" finished-at="2023-06-11T20:25:47 CEST" duration-ms="182" status="PASS">
          <reporter-output>
          </reporter-output>
        </test-method> <!-- tearDown -->
        <test-method is-config="true" signature="setup()[pri:0, instance:com.tutorialsninja.qa.testcases.LoginTest@2b30a42c]" started-at="2023-06-11T20:25:47 CEST" name="setup" finished-at="2023-06-11T20:25:53 CEST" duration-ms="5441" status="PASS">
          <reporter-output>
          </reporter-output>
        </test-method> <!-- setup -->
        <test-method signature="verifyLoginWithValidCredential(java.lang.String,java.lang.String)[pri:1, instance:com.tutorialsninja.qa.testcases.LoginTest@2b30a42c]" started-at="2023-06-11T20:25:53 CEST" name="verifyLoginWithValidCredential" data-provider="validData" finished-at="2023-06-11T20:25:54 CEST" duration-ms="1188" status="PASS">
          <params>
            <param index="0">
              <value>
                <![CDATA[gautam.kumar062@gmail.com]]>
              </value>
            </param>
            <param index="1">
              <value>
                <![CDATA[Gautam@062]]>
              </value>
            </param>
          </params>
          <reporter-output>
          </reporter-output>
        </test-method> <!-- verifyLoginWithValidCredential -->
        <test-method is-config="true" signature="tearDown()[pri:0, instance:com.tutorialsninja.qa.testcases.LoginTest@2b30a42c]" started-at="2023-06-11T20:25:54 CEST" name="tearDown" finished-at="2023-06-11T20:25:54 CEST" duration-ms="197" status="PASS">
          <reporter-output>
          </reporter-output>
        </test-method> <!-- tearDown -->
        <test-method is-config="true" signature="setup()[pri:0, instance:com.tutorialsninja.qa.testcases.LoginTest@2b30a42c]" started-at="2023-06-11T20:25:54 CEST" name="setup" finished-at="2023-06-11T20:26:00 CEST" duration-ms="5402" status="PASS">
          <reporter-output>
          </reporter-output>
        </test-method> <!-- setup -->
        <test-method signature="verifyLoginWithValidCredential(java.lang.String,java.lang.String)[pri:1, instance:com.tutorialsninja.qa.testcases.LoginTest@2b30a42c]" started-at="2023-06-11T20:26:00 CEST" name="verifyLoginWithValidCredential" data-provider="validData" finished-at="2023-06-11T20:26:01 CEST" duration-ms="1066" status="PASS">
          <params>
            <param index="0">
              <value>
                <![CDATA[amotooricap1@gmail.com]]>
              </value>
            </param>
            <param index="1">
              <value>
                <![CDATA[12345]]>
              </value>
            </param>
          </params>
          <reporter-output>
          </reporter-output>
        </test-method> <!-- verifyLoginWithValidCredential -->
        <test-method is-config="true" signature="tearDown()[pri:0, instance:com.tutorialsninja.qa.testcases.LoginTest@2b30a42c]" started-at="2023-06-11T20:26:01 CEST" name="tearDown" finished-at="2023-06-11T20:26:01 CEST" duration-ms="197" status="PASS">
          <reporter-output>
          </reporter-output>
        </test-method> <!-- tearDown -->
        <test-method is-config="true" signature="setup()[pri:0, instance:com.tutorialsninja.qa.testcases.LoginTest@2b30a42c]" started-at="2023-06-11T20:26:01 CEST" name="setup" finished-at="2023-06-11T20:26:06 CEST" duration-ms="5093" status="PASS">
          <reporter-output>
          </reporter-output>
        </test-method> <!-- setup -->
        <test-method signature="verifyLoginWithInvalidCredentials()[pri:2, instance:com.tutorialsninja.qa.testcases.LoginTest@2b30a42c]" started-at="2023-06-11T20:26:06 CEST" name="verifyLoginWithInvalidCredentials" finished-at="2023-06-11T20:26:07 CEST" duration-ms="630" status="PASS">
          <reporter-output>
          </reporter-output>
        </test-method> <!-- verifyLoginWithInvalidCredentials -->
        <test-method is-config="true" signature="tearDown()[pri:0, instance:com.tutorialsninja.qa.testcases.LoginTest@2b30a42c]" started-at="2023-06-11T20:26:07 CEST" name="tearDown" finished-at="2023-06-11T20:26:07 CEST" duration-ms="179" status="PASS">
          <reporter-output>
          </reporter-output>
        </test-method> <!-- tearDown -->
        <test-method is-config="true" signature="setup()[pri:0, instance:com.tutorialsninja.qa.testcases.LoginTest@2b30a42c]" started-at="2023-06-11T20:26:07 CEST" name="setup" finished-at="2023-06-11T20:26:12 CEST" duration-ms="4958" status="PASS">
          <reporter-output>
          </reporter-output>
        </test-method> <!-- setup -->
        <test-method signature="verifyLoginWithoutProvidingCredentials()[pri:3, instance:com.tutorialsninja.qa.testcases.LoginTest@2b30a42c]" started-at="2023-06-11T20:26:12 CEST" name="verifyLoginWithoutProvidingCredentials" finished-at="2023-06-11T20:26:12 CEST" duration-ms="529" status="PASS">
          <reporter-output>
          </reporter-output>
        </test-method> <!-- verifyLoginWithoutProvidingCredentials -->
        <test-method is-config="true" signature="tearDown()[pri:0, instance:com.tutorialsninja.qa.testcases.LoginTest@2b30a42c]" started-at="2023-06-11T20:26:12 CEST" name="tearDown" finished-at="2023-06-11T20:26:12 CEST" duration-ms="169" status="PASS">
          <reporter-output>
          </reporter-output>
        </test-method> <!-- tearDown -->
      </class> <!-- com.tutorialsninja.qa.testcases.LoginTest -->
    </test> <!-- TutorialsNinja Test -->
  </suite> <!-- TutorialsNinja Automation Suite -->
</testng-results>
